\BOOKMARK [0][-]{chapter*.2}{Thursday, 6 October 2016 8:30am - 11:00 am 1:30pm - 3:30pm}{}% 1
\BOOKMARK [1][-]{experiment.1.1}{Isotopes we are looking for}{chapter*.2}% 2
\BOOKMARK [1][-]{experiment.1.2}{Experiment Notes}{chapter*.2}% 3
\BOOKMARK [1][-]{experiment.1.3}{Stock creation}{chapter*.2}% 4
\BOOKMARK [0][-]{chapter*.3}{Friday, 7 October 2016 9:00am - 12:00 am 1:00pm - 4:00pm}{}% 5
\BOOKMARK [1][-]{experiment.2.1}{Stock creation}{chapter*.3}% 6
\BOOKMARK [1][-]{experiment.2.2}{Preparation for Process 1}{chapter*.3}% 7
\BOOKMARK [0][-]{chapter*.4}{Saturday, 8 October 2016 10:00am - 2:00 pm}{}% 8
\BOOKMARK [1][-]{experiment.3.1}{Preparation for Process 1}{chapter*.4}% 9
\BOOKMARK [0][-]{chapter*.5}{Sunday, 9 October 2016 7:30 pm - 11:30 pm}{}% 10
\BOOKMARK [1][-]{experiment.4.1}{Preparation for Process 1}{chapter*.5}% 11
\BOOKMARK [0][-]{chapter*.6}{Monday, 10 October 2016 12:30 pm - 4:30 pm}{}% 12
\BOOKMARK [1][-]{experiment.5.1}{Process 1 Mistake experiment}{chapter*.6}% 13
\BOOKMARK [1][-]{experiment.5.2}{Counting for Process 1 Mistake experiment \(Gamma\)}{chapter*.6}% 14
\BOOKMARK [0][-]{chapter*.7}{Tuesday, 11 October 2016 10:30 pm - 1:00 am}{}% 15
\BOOKMARK [1][-]{experiment.6.1}{Counting for Process 1 Mistake experiment \(Gamma\)}{chapter*.7}% 16
\BOOKMARK [0][-]{chapter*.8}{Wednesday, 12 October 2016 11:30 am - 1:30 pm}{}% 17
\BOOKMARK [1][-]{experiment.7.1}{Counting for Process 1 Mistake experiment \(Gamma\)}{chapter*.8}% 18
\BOOKMARK [0][-]{chapter*.9}{Thursday, 13 October 2016 12:30 am - 4:30 pm}{}% 19
\BOOKMARK [1][-]{experiment.8.1}{Counting for Process 1 Mistake experiment \(Gamma\)}{chapter*.9}% 20
\BOOKMARK [1][-]{experiment.8.2}{Counting for Process 1 Mistake experiment \(Alpha\)}{chapter*.9}% 21
\BOOKMARK [0][-]{chapter*.10}{Friday, 14 October 2016 8:30 am - 9:00 pm}{}% 22
\BOOKMARK [1][-]{experiment.9.1}{Counting for Process 1 Mistake experiment \(Gamma\)}{chapter*.10}% 23
\BOOKMARK [1][-]{experiment.9.2}{Counting for Process 1 Mistake experiment \(Alpha\)}{chapter*.10}% 24
\BOOKMARK [1][-]{experiment.9.3}{Analysis for Process 1 Mistake \(Gamma\)}{chapter*.10}% 25
\BOOKMARK [0][-]{chapter*.11}{Monday - Wednesday, 17-19 October 2016}{}% 26
\BOOKMARK [1][-]{experiment.10.1}{Analysis for Process 1 Mistake \(Gamma\)}{chapter*.11}% 27
\BOOKMARK [0][-]{chapter*.12}{Thursday, 20 October 2016}{}% 28
\BOOKMARK [1][-]{experiment.11.1}{Preparation for 3 Cycles}{chapter*.12}% 29
\BOOKMARK [0][-]{chapter*.13}{Friday, 21 October 2016 9:30am - 12:00 pm1:00 pm 5:00 pm}{}% 30
\BOOKMARK [1][-]{experiment.12.1}{Preparation for 3 Cycles}{chapter*.13}% 31
