This is pdfTeX, Version 3.14159265-2.6-1.40.16 (TeX Live 2015/Debian) (preloaded format=pdflatex 2017.1.12)  19 JAN 2017 13:39
entering extended mode
 restricted \write18 enabled.
 %&-line parsing enabled.
**lab_book_1.tex
(./lab_book_1.tex
LaTeX2e <2016/02/01>
Babel <3.9q> and hyphenation patterns for 3 language(s) loaded.
(./labbook.cls
Document Class: labbook 2003/05/20 v1.1 LaTeX2e labbook document class
(/usr/share/texlive/texmf-dist/tex/latex/koma-script/scrbook.cls
Document Class: scrbook 2015/10/03 v3.19a KOMA-Script document class (book)
(/usr/share/texlive/texmf-dist/tex/latex/koma-script/scrkbase.sty
Package: scrkbase 2015/10/03 v3.19a KOMA-Script package (KOMA-Script-dependent 
basics and keyval usage)

(/usr/share/texlive/texmf-dist/tex/latex/koma-script/scrbase.sty
Package: scrbase 2015/10/03 v3.19a KOMA-Script package (KOMA-Script-independent
 basics and keyval usage)

(/usr/share/texlive/texmf-dist/tex/latex/graphics/keyval.sty
Package: keyval 2014/10/28 v1.15 key=value parser (DPC)
\KV@toks@=\toks14
)
(/usr/share/texlive/texmf-dist/tex/latex/koma-script/scrlfile.sty
Package: scrlfile 2015/10/03 v3.19a KOMA-Script package (loading files)

Package scrlfile, 2015/10/03 v3.19a KOMA-Script package (loading files)
                  Copyright (C) Markus Kohm

))) (/usr/share/texlive/texmf-dist/tex/latex/koma-script/tocbasic.sty
Package: tocbasic 2015/10/03 v3.19a KOMA-Script package (handling toc-files)
)
Package tocbasic Info: omitting babel extension for `toc'
(tocbasic)             because of feature `nobabel' available
(tocbasic)             for `toc' on input line 125.
Package tocbasic Info: omitting babel extension for `lof'
(tocbasic)             because of feature `nobabel' available
(tocbasic)             for `lof' on input line 126.
Package tocbasic Info: omitting babel extension for `lot'
(tocbasic)             because of feature `nobabel' available
(tocbasic)             for `lot' on input line 127.
Package tocbasic Info: defining new hook before heading of `' on input line 158
4.


Class scrbook Warning: You've used obsolete option `idxtotoc'.
(scrbook)              Usage of this option indicates an old document
(scrbook)              and changes compatibility level using
(scrbook)              `index=totoc,version=first'.
(scrbook)              If you don't want this, you should simply
(scrbook)              replace option `idxtotoc' by `index=totoc'.

Class scrbook Info: Switching compatibility level to `first'.
Class scrbook Info: You've used standard option `openany'.
(scrbook)           This is correct!
(scrbook)           Internally I'm using `open=any'.
(scrbook)           If you'd like to set the option with \KOMAoptions,
(scrbook)           you'd have to use `open=any' there
(scrbook)           instead of `openany', too.
Class scrbook Info: You've used standard option `oneside'.
(scrbook)           This is correct!
(scrbook)           Internally I'm using `twoside=false'.
(scrbook)           If you'd like to set the option with \KOMAoptions,
(scrbook)           you'd have to use `twoside=false' there
(scrbook)           instead of `oneside', too.
Class scrbook Info: File `scrsize11pt.clo' used instead of
(scrbook)           file `scrsize11.clo' to setup font sizes on input line 2251
.
(/usr/share/texlive/texmf-dist/tex/latex/koma-script/scrsize11pt.clo
File: scrsize11pt.clo 2015/10/03 v3.19a KOMA-Script font size class option (11p
t)
)
(/usr/share/texlive/texmf-dist/tex/latex/koma-script/typearea.sty
Package: typearea 2015/10/03 v3.19a KOMA-Script package (type area)

Package typearea, 2015/10/03 v3.19a KOMA-Script package (type area)
                  Copyright (C) Frank Neukam, 1992-1994
                  Copyright (C) Markus Kohm, 1994-

\ta@bcor=\skip41
\ta@div=\count79
Package typearea Info: You've used standard option `oneside'.
(typearea)             This is correct!
(typearea)             Internally I'm using `twoside=false'.
(typearea)             If you'd like to set the option with \KOMAoptions,
(typearea)             you'd have to use `twoside=false' there
(typearea)             instead of `oneside', too.
\ta@hblk=\skip42
\ta@vblk=\skip43
\ta@temp=\skip44
\footheight=\skip45
Package typearea Info: These are the values describing the layout:
(typearea)             DIV  = 10
(typearea)             BCOR = 0.0pt
(typearea)             \paperwidth      = 597.50793pt
(typearea)              \textwidth      = 418.25555pt
(typearea)              DIV departure   = -6%
(typearea)              \evensidemargin = 17.3562pt
(typearea)              \oddsidemargin  = 17.3562pt
(typearea)             \paperheight     = 845.04694pt
(typearea)              \textheight     = 595.80026pt
(typearea)              \topmargin      = -25.16531pt
(typearea)              \headheight     = 17.0pt
(typearea)              \headsep        = 20.40001pt
(typearea)              \topskip        = 11.0pt
(typearea)              \footskip       = 47.6pt
(typearea)              \baselineskip   = 13.6pt
(typearea)              on input line 1509.
)
\c@part=\count80
\c@chapter=\count81
\c@section=\count82
\c@subsection=\count83
\c@subsubsection=\count84
\c@paragraph=\count85
\c@subparagraph=\count86
LaTeX Info: Redefining \textsubscript on input line 4654.
\abovecaptionskip=\skip46
\belowcaptionskip=\skip47
\c@pti@nb@sid@b@x=\box26
\c@figure=\count87
\c@table=\count88
\bibindent=\dimen102
) (/usr/share/texlive/texmf-dist/tex/latex/base/makeidx.sty
Package: makeidx 2014/09/29 v1.0m Standard LaTeX package
)
\@indexfile=\write3
\openout3 = `lab_book_1.idx'.


Writing index file lab_book_1.idx
\FK@toks@=\toks15
\c@fk@commasep@argnumber=\count89
\c@fk@atdashsep@argnumber=\count90
\c@labday=\count91
\c@experiment=\count92
\c@subexperiment=\count93
) (/usr/share/texlive/texmf-dist/tex/latex/hyperref/hyperref.sty
Package: hyperref 2012/11/06 v6.83m Hypertext links for LaTeX

(/usr/share/texlive/texmf-dist/tex/generic/oberdiek/hobsub-hyperref.sty
Package: hobsub-hyperref 2012/05/28 v1.13 Bundle oberdiek, subset hyperref (HO)


(/usr/share/texlive/texmf-dist/tex/generic/oberdiek/hobsub-generic.sty
Package: hobsub-generic 2012/05/28 v1.13 Bundle oberdiek, subset generic (HO)
Package: hobsub 2012/05/28 v1.13 Construct package bundles (HO)
Package: infwarerr 2010/04/08 v1.3 Providing info/warning/error messages (HO)
Package: ltxcmds 2011/11/09 v1.22 LaTeX kernel commands for general use (HO)
Package: ifluatex 2010/03/01 v1.3 Provides the ifluatex switch (HO)
Package ifluatex Info: LuaTeX not detected.
Package: ifvtex 2010/03/01 v1.5 Detect VTeX and its facilities (HO)
Package ifvtex Info: VTeX not detected.
Package: intcalc 2007/09/27 v1.1 Expandable calculations with integers (HO)
Package: ifpdf 2011/01/30 v2.3 Provides the ifpdf switch (HO)
Package ifpdf Info: pdfTeX in PDF mode is detected.
Package: etexcmds 2011/02/16 v1.5 Avoid name clashes with e-TeX commands (HO)
Package etexcmds Info: Could not find \expanded.
(etexcmds)             That can mean that you are not using pdfTeX 1.50 or
(etexcmds)             that some package has redefined \expanded.
(etexcmds)             In the latter case, load this package earlier.
Package: kvsetkeys 2012/04/25 v1.16 Key value parser (HO)
Package: kvdefinekeys 2011/04/07 v1.3 Define keys (HO)
Package: pdftexcmds 2011/11/29 v0.20 Utility functions of pdfTeX for LuaTeX (HO
)
Package pdftexcmds Info: LuaTeX not detected.
Package pdftexcmds Info: \pdf@primitive is available.
Package pdftexcmds Info: \pdf@ifprimitive is available.
Package pdftexcmds Info: \pdfdraftmode found.
Package: pdfescape 2011/11/25 v1.13 Implements pdfTeX's escape features (HO)
Package: bigintcalc 2012/04/08 v1.3 Expandable calculations on big integers (HO
)
Package: bitset 2011/01/30 v1.1 Handle bit-vector datatype (HO)
Package: uniquecounter 2011/01/30 v1.2 Provide unlimited unique counter (HO)
)
Package hobsub Info: Skipping package `hobsub' (already loaded).
Package: letltxmacro 2010/09/02 v1.4 Let assignment for LaTeX macros (HO)
Package: hopatch 2012/05/28 v1.2 Wrapper for package hooks (HO)
Package: xcolor-patch 2011/01/30 xcolor patch
Package: atveryend 2011/06/30 v1.8 Hooks at the very end of document (HO)
Package atveryend Info: \enddocument detected (standard20110627).
Package: atbegshi 2011/10/05 v1.16 At begin shipout hook (HO)
Package: refcount 2011/10/16 v3.4 Data extraction from label references (HO)
Package: hycolor 2011/01/30 v1.7 Color options for hyperref/bookmark (HO)
)
(/usr/share/texlive/texmf-dist/tex/generic/ifxetex/ifxetex.sty
Package: ifxetex 2010/09/12 v0.6 Provides ifxetex conditional
)
(/usr/share/texlive/texmf-dist/tex/latex/oberdiek/auxhook.sty
Package: auxhook 2011/03/04 v1.3 Hooks for auxiliary files (HO)
)
(/usr/share/texlive/texmf-dist/tex/latex/oberdiek/kvoptions.sty
Package: kvoptions 2011/06/30 v3.11 Key value format for package options (HO)
)
\@linkdim=\dimen103
\Hy@linkcounter=\count94
\Hy@pagecounter=\count95

(/usr/share/texlive/texmf-dist/tex/latex/hyperref/pd1enc.def
File: pd1enc.def 2012/11/06 v6.83m Hyperref: PDFDocEncoding definition (HO)
)
\Hy@SavedSpaceFactor=\count96

(/usr/share/texlive/texmf-dist/tex/latex/latexconfig/hyperref.cfg
File: hyperref.cfg 2002/06/06 v1.2 hyperref configuration of TeXLive
)
Package hyperref Info: Option `pdfpagelabels' set `true' on input line 4319.
Package hyperref Info: Option `plainpages' set `false' on input line 4319.
Package hyperref Info: Option `colorlinks' set `true' on input line 4319.
Package hyperref Info: Option `bookmarks' set `true' on input line 4319.
Package hyperref Info: Hyper figures OFF on input line 4443.
Package hyperref Info: Link nesting OFF on input line 4448.
Package hyperref Info: Hyper index ON on input line 4451.
Package hyperref Info: Plain pages OFF on input line 4458.
Package hyperref Info: Backreferencing ON on input line 4461.
Package hyperref Info: Implicit mode ON; LaTeX internals redefined.
Package hyperref Info: Bookmarks ON on input line 4688.

(/usr/share/texlive/texmf-dist/tex/latex/hyperref/backref.sty
Package: backref 2012/07/25 v1.38 Bibliographical back referencing

(/usr/share/texlive/texmf-dist/tex/latex/oberdiek/rerunfilecheck.sty
Package: rerunfilecheck 2011/04/15 v1.7 Rerun checks for auxiliary files (HO)
Package uniquecounter Info: New unique counter `rerunfilecheck' on input line 2
82.
))
\c@Hy@tempcnt=\count97

(/usr/share/texlive/texmf-dist/tex/latex/url/url.sty
\Urlmuskip=\muskip10
Package: url 2013/09/16  ver 3.4  Verb mode for urls, etc.
)
LaTeX Info: Redefining \url on input line 5041.
\XeTeXLinkMargin=\dimen104
\Fld@menulength=\count98
\Field@Width=\dimen105
\Fld@charsize=\dimen106
Package hyperref Info: Hyper figures OFF on input line 6295.
Package hyperref Info: Link nesting OFF on input line 6300.
Package hyperref Info: Hyper index ON on input line 6303.
Package hyperref Info: backreferencing ON on input line 6308.
Package hyperref Info: Link coloring ON on input line 6313.
Package hyperref Info: Link coloring with OCG OFF on input line 6320.
Package hyperref Info: PDF/A mode OFF on input line 6325.
LaTeX Info: Redefining \ref on input line 6365.
LaTeX Info: Redefining \pageref on input line 6369.
\Hy@abspage=\count99
\c@Item=\count100
\c@Hfootnote=\count101
)

Package hyperref Message: Driver (autodetected): hpdftex.

(/usr/share/texlive/texmf-dist/tex/latex/hyperref/hpdftex.def
File: hpdftex.def 2012/11/06 v6.83m Hyperref driver for pdfTeX
\Fld@listcount=\count102
\c@bookmark@seq@number=\count103
\Hy@SectionHShift=\skip48
)
(/usr/share/texlive/texmf-dist/tex/latex/booktabs/booktabs.sty
Package: booktabs 2005/04/14 v1.61803 publication quality tables
\heavyrulewidth=\dimen107
\lightrulewidth=\dimen108
\cmidrulewidth=\dimen109
\belowrulesep=\dimen110
\belowbottomsep=\dimen111
\aboverulesep=\dimen112
\abovetopsep=\dimen113
\cmidrulesep=\dimen114
\cmidrulekern=\dimen115
\defaultaddspace=\dimen116
\@cmidla=\count104
\@cmidlb=\count105
\@aboverulesep=\dimen117
\@belowrulesep=\dimen118
\@thisruleclass=\count106
\@lastruleclass=\count107
\@thisrulewidth=\dimen119
)
(/usr/share/texlive/texmf-dist/tex/latex/float/float.sty
Package: float 2001/11/08 v1.3d Float enhancements (AL)
\c@float@type=\count108
\float@exts=\toks16
\float@box=\box27
\@float@everytoks=\toks17
\@floatcapt=\box28
)
(/usr/share/texlive/texmf-dist/tex/latex/graphics/graphicx.sty
Package: graphicx 2014/10/28 v1.0g Enhanced LaTeX Graphics (DPC,SPQR)

(/usr/share/texlive/texmf-dist/tex/latex/graphics/graphics.sty
Package: graphics 2016/01/03 v1.0q Standard LaTeX Graphics (DPC,SPQR)

(/usr/share/texlive/texmf-dist/tex/latex/graphics/trig.sty
Package: trig 2016/01/03 v1.10 sin cos tan (DPC)
)
(/usr/share/texlive/texmf-dist/tex/latex/latexconfig/graphics.cfg
File: graphics.cfg 2010/04/23 v1.9 graphics configuration of TeX Live
)
Package graphics Info: Driver file: pdftex.def on input line 95.

(/usr/share/texlive/texmf-dist/tex/latex/pdftex-def/pdftex.def
File: pdftex.def 2011/05/27 v0.06d Graphics/color for pdfTeX
\Gread@gobject=\count109
))
\Gin@req@height=\dimen120
\Gin@req@width=\dimen121
)
(/home/paul/texmf/tex/latex/lipsum/lipsum.sty
Package: lipsum 2014/07/27 v1.3 150 paragraphs of Lorem Ipsum dummy text
\c@lips@count=\count110
)
(/usr/share/texlive/texmf-dist/tex/latex/jknapltx/mathrsfs.sty
Package: mathrsfs 1996/01/01 Math RSFS package v1.0 (jk)
\symrsfs=\mathgroup4
)
(/home/paul/texmf/tex/latex/amsmath/amsmath.sty
Package: amsmath 2016/06/28 v2.15d AMS math features
\@mathmargin=\skip49

For additional information on amsmath, use the `?' option.
(/home/paul/texmf/tex/latex/amsmath/amstext.sty
Package: amstext 2000/06/29 v2.01 AMS text

(/home/paul/texmf/tex/latex/amsmath/amsgen.sty
File: amsgen.sty 1999/11/30 v2.0 generic functions
\@emptytoks=\toks18
\ex@=\dimen122
))
(/home/paul/texmf/tex/latex/amsmath/amsbsy.sty
Package: amsbsy 1999/11/29 v1.2d Bold Symbols
\pmbraise@=\dimen123
)
(/home/paul/texmf/tex/latex/amsmath/amsopn.sty
Package: amsopn 2016/03/08 v2.02 operator names
)
\inf@bad=\count111
LaTeX Info: Redefining \frac on input line 199.
\uproot@=\count112
\leftroot@=\count113
LaTeX Info: Redefining \overline on input line 297.
\classnum@=\count114
\DOTSCASE@=\count115
LaTeX Info: Redefining \ldots on input line 394.
LaTeX Info: Redefining \dots on input line 397.
LaTeX Info: Redefining \cdots on input line 518.
\Mathstrutbox@=\box29
\strutbox@=\box30
\big@size=\dimen124
LaTeX Font Info:    Redeclaring font encoding OML on input line 634.
LaTeX Font Info:    Redeclaring font encoding OMS on input line 635.
\macc@depth=\count116
\c@MaxMatrixCols=\count117
\dotsspace@=\muskip11
\c@parentequation=\count118
\dspbrk@lvl=\count119
\tag@help=\toks19
\row@=\count120
\column@=\count121
\maxfields@=\count122
\andhelp@=\toks20
\eqnshift@=\dimen125
\alignsep@=\dimen126
\tagshift@=\dimen127
\tagwidth@=\dimen128
\totwidth@=\dimen129
\lineht@=\dimen130
\@envbody=\toks21
\multlinegap=\skip50
\multlinetaggap=\skip51
\mathdisplay@stack=\toks22
LaTeX Info: Redefining \[ on input line 2739.
LaTeX Info: Redefining \] on input line 2740.
)
(/home/paul/texmf/tex/latex/soul/soul.sty
Package: soul 2003/11/17 v2.4 letterspacing/underlining (mf)
\SOUL@word=\toks23
\SOUL@lasttoken=\toks24
\SOUL@cmds=\toks25
\SOUL@buffer=\toks26
\SOUL@token=\toks27
\SOUL@spaceskip=\skip52
\SOUL@ttwidth=\dimen131
\SOUL@uldp=\dimen132
\SOUL@ulht=\dimen133
)
(/usr/share/texlive/texmf-dist/tex/latex/wasysym/wasysym.sty
Package: wasysym 2003/10/30 v2.0 Wasy-2 symbol support package
\symwasy=\mathgroup5
LaTeX Font Info:    Overwriting symbol font `wasy' in version `bold'
(Font)                  U/wasy/m/n --> U/wasy/b/n on input line 90.
)
(/usr/share/texlive/texmf-dist/tex/latex/tools/bm.sty
Package: bm 2014/10/28 v1.1c Bold Symbol Support (DPC/FMi)
\symboldoperators=\mathgroup6
\symboldletters=\mathgroup7
\symboldsymbols=\mathgroup8
\symboldwasy=\mathgroup9
LaTeX Font Info:    Redeclaring math alphabet \mathbf on input line 141.
LaTeX Info: Redefining \bm on input line 207.
)
(/usr/share/texlive/texmf-dist/tex/latex/caption/caption.sty
Package: caption 2016/02/21 v3.3-144 Customizing captions (AR)

(/usr/share/texlive/texmf-dist/tex/latex/caption/caption3.sty
Package: caption3 2016/02/04 v1.7-139 caption3 kernel (AR)
Package caption3 Info: TeX engine: e-TeX on input line 67.
\captionmargin=\dimen134
\captionmargin@=\dimen135
\captionwidth=\dimen136
\caption@tempdima=\dimen137
\caption@indent=\dimen138
\caption@parindent=\dimen139
\caption@hangindent=\dimen140
)
Package caption Info: KOMA-Script document class.
\c@ContinuedFloat=\count123
Package caption Info: float package is loaded.
Package caption Info: hyperref package is loaded.
)
(/home/paul/texmf/tex/latex/enumitem/enumitem.sty
Package: enumitem 2011/09/28 v3.5.2 Customized lists
\labelindent=\skip53
\enit@outerparindent=\dimen141
\enit@toks=\toks28
\enit@inbox=\box31
\enitdp@description=\count124
)
(/usr/share/texlive/texmf-dist/tex/latex/amsfonts/amssymb.sty
Package: amssymb 2013/01/14 v3.01 AMS font symbols

(/usr/share/texlive/texmf-dist/tex/latex/amsfonts/amsfonts.sty
Package: amsfonts 2013/01/14 v3.01 Basic AMSFonts support
\symAMSa=\mathgroup10
\symAMSb=\mathgroup11
LaTeX Font Info:    Overwriting math alphabet `\mathfrak' in version `bold'
(Font)                  U/euf/m/n --> U/euf/b/n on input line 106.
))
\enitdp@todolist=\count125

(/usr/share/texlive/texmf-dist/tex/latex/psnfss/pifont.sty
Package: pifont 2005/04/12 PSNFSS-v9.2a Pi font support (SPQR) 
LaTeX Font Info:    Try loading font information for U+pzd on input line 63.

(/usr/share/texlive/texmf-dist/tex/latex/psnfss/upzd.fd
File: upzd.fd 2001/06/04 font definitions for U/pzd.
)
LaTeX Font Info:    Try loading font information for U+psy on input line 64.

(/usr/share/texlive/texmf-dist/tex/latex/psnfss/upsy.fd
File: upsy.fd 2001/06/04 font definitions for U/psy.
)) (./lab_book_1.aux

LaTeX Warning: Label `fig:example2' multiply defined.


LaTeX Warning: Label `fig:example2' multiply defined.


LaTeX Warning: Label `fig:round2_extraction3' multiply defined.


LaTeX Warning: Label `fig:round2_extraction3' multiply defined.


LaTeX Warning: Label `fig:round2_extraction3' multiply defined.


LaTeX Warning: Label `fig:round2_extraction3' multiply defined.

)
\openout1 = `lab_book_1.aux'.

LaTeX Font Info:    Checking defaults for OML/cmm/m/it on input line 128.
LaTeX Font Info:    ... okay on input line 128.
LaTeX Font Info:    Checking defaults for T1/cmr/m/n on input line 128.
LaTeX Font Info:    ... okay on input line 128.
LaTeX Font Info:    Checking defaults for OT1/cmr/m/n on input line 128.
LaTeX Font Info:    ... okay on input line 128.
LaTeX Font Info:    Checking defaults for OMS/cmsy/m/n on input line 128.
LaTeX Font Info:    ... okay on input line 128.
LaTeX Font Info:    Checking defaults for OMX/cmex/m/n on input line 128.
LaTeX Font Info:    ... okay on input line 128.
LaTeX Font Info:    Checking defaults for U/cmr/m/n on input line 128.
LaTeX Font Info:    ... okay on input line 128.
LaTeX Font Info:    Checking defaults for PD1/pdf/m/n on input line 128.
LaTeX Font Info:    ... okay on input line 128.
\AtBeginShipoutBox=\box32
 (/usr/share/texlive/texmf-dist/tex/latex/graphics/color.sty
Package: color 2016/01/03 v1.1b Standard LaTeX Color (DPC)

(/usr/share/texlive/texmf-dist/tex/latex/latexconfig/color.cfg
File: color.cfg 2007/01/18 v1.5 color configuration of teTeX/TeXLive
)
Package color Info: Driver file: pdftex.def on input line 143.
)
Package hyperref Info: Link coloring ON on input line 128.

(/usr/share/texlive/texmf-dist/tex/latex/hyperref/nameref.sty
Package: nameref 2012/10/27 v2.43 Cross-referencing by name of section

(/usr/share/texlive/texmf-dist/tex/generic/oberdiek/gettitlestring.sty
Package: gettitlestring 2010/12/03 v1.4 Cleanup title references (HO)
)
\c@section@level=\count126
)
LaTeX Info: Redefining \ref on input line 128.
LaTeX Info: Redefining \pageref on input line 128.
LaTeX Info: Redefining \nameref on input line 128.

(./lab_book_1.out) (./lab_book_1.out)
\@outlinefile=\write4
\openout4 = `lab_book_1.out'.


(/usr/share/texlive/texmf-dist/tex/context/base/supp-pdf.mkii
[Loading MPS to PDF converter (version 2006.09.02).]
\scratchcounter=\count127
\scratchdimen=\dimen142
\scratchbox=\box33
\nofMPsegments=\count128
\nofMParguments=\count129
\everyMPshowfont=\toks29
\MPscratchCnt=\count130
\MPscratchDim=\dimen143
\MPnumerator=\count131
\makeMPintoPDFobject=\count132
\everyMPtoPDFconversion=\toks30
) (/usr/share/texlive/texmf-dist/tex/latex/oberdiek/epstopdf-base.sty
Package: epstopdf-base 2010/02/09 v2.5 Base part for package epstopdf

(/usr/share/texlive/texmf-dist/tex/latex/oberdiek/grfext.sty
Package: grfext 2010/08/19 v1.1 Manage graphics extensions (HO)
)
Package grfext Info: Graphics extension search list:
(grfext)             [.png,.pdf,.jpg,.mps,.jpeg,.jbig2,.jb2,.PNG,.PDF,.JPG,.JPE
G,.JBIG2,.JB2,.eps]
(grfext)             \AppendGraphicsExtensions on input line 452.

(/usr/share/texlive/texmf-dist/tex/latex/latexconfig/epstopdf-sys.cfg
File: epstopdf-sys.cfg 2010/07/13 v1.3 Configuration of (r)epstopdf for TeX Liv
e
))
Package caption Info: Begin \AtBeginDocument code.
Package caption Info: End \AtBeginDocument code.
LaTeX Font Info:    Try loading font information for U+rsfs on input line 145.

(/usr/share/texlive/texmf-dist/tex/latex/jknapltx/ursfs.fd
File: ursfs.fd 1998/03/24 rsfs font definition file (jk)
)
LaTeX Font Info:    Try loading font information for U+wasy on input line 145.

(/usr/share/texlive/texmf-dist/tex/latex/wasysym/uwasy.fd
File: uwasy.fd 2003/10/30 v2.0 Wasy-2 symbol font definitions
)

LaTeX Font Warning: Font shape `U/wasy/b/n' in size <7> not available
(Font)              Font shape `U/wasy/m/n' tried instead on input line 145.

LaTeX Font Info:    Try loading font information for U+msa on input line 145.
(/usr/share/texlive/texmf-dist/tex/latex/amsfonts/umsa.fd
File: umsa.fd 2013/01/14 v3.01 AMS symbols A
)
LaTeX Font Info:    Try loading font information for U+msb on input line 145.

(/usr/share/texlive/texmf-dist/tex/latex/amsfonts/umsb.fd
File: umsb.fd 2013/01/14 v3.01 AMS symbols B
) [1




{/var/lib/texmf/fonts/map/pdftex/updmap/pdftex.map}] (./lab_book_1.toc

LaTeX Font Warning: Font shape `U/wasy/b/n' in size <8> not available
(Font)              Font shape `U/wasy/m/n' tried instead on input line 2.


LaTeX Font Warning: Font shape `U/wasy/b/n' in size <6> not available
(Font)              Font shape `U/wasy/m/n' tried instead on input line 2.

[2

] [3] [4] [5] [6] [7])
\tf@toc=\write5
\openout5 = `lab_book_1.toc'.

 [8]
chapter without number

Package hyperref Warning: Token not allowed in a PDF string (PDFDocEncoding):
(hyperref)                removing `\\' on input line 161.


Package hyperref Warning: Token not allowed in a PDF string (PDFDocEncoding):
(hyperref)                removing `\\' on input line 161.


Class scrbook Warning: \float@addtolists detected!
(scrbook)              Implementation of \float@addtolist became
(scrbook)              deprecated in KOMA-Script v3.01 2008/11/14 and
(scrbook)              has been replaced by several more flexible
(scrbook)              features of package `tocbasic`.
(scrbook)              Since Version 3.12 support for deprecated
(scrbook)              \float@addtolist interface has been
(scrbook)              restricted to only some of the KOMA-Script
(scrbook)              features and been removed from others.
(scrbook)              Loading of package `scrhack' may help to
(scrbook)              avoid this warning, if you are using a
(scrbook)              a package that still implements the
(scrbook)              deprecated \float@addtolist interface .

LaTeX Font Info:    Try loading font information for OMS+cmr on input line 165.

(/usr/share/texlive/texmf-dist/tex/latex/base/omscmr.fd
File: omscmr.fd 2014/09/29 v2.5h Standard LaTeX font definitions
)
LaTeX Font Info:    Font shape `OMS/cmr/m/n' in size <10.95> not available
(Font)              Font shape `OMS/cmsy/m/n' tried instead on input line 165.
 [1


] [2] [3]
chapter without number

Package hyperref Warning: Token not allowed in a PDF string (PDFDocEncoding):
(hyperref)                removing `\\' on input line 285.


Package hyperref Warning: Token not allowed in a PDF string (PDFDocEncoding):
(hyperref)                removing `\\' on input line 285.

[4

] [5]
chapter without number

Package hyperref Warning: Token not allowed in a PDF string (PDFDocEncoding):
(hyperref)                removing `\\' on input line 354.

[6

]
Underfull \hbox (badness 10000) in paragraph at lines 391--395

 []


Underfull \hbox (badness 10000) in paragraph at lines 391--395

 []


Underfull \hbox (badness 10000) in paragraph at lines 396--399

 []


Underfull \hbox (badness 10000) in paragraph at lines 396--399

 []


Underfull \hbox (badness 10000) in paragraph at lines 400--405

 []


Overfull \hbox (7.63692pt too wide) in paragraph at lines 400--405
\OT1/cmr/m/n/10.95 Solve it-er-a-tively (where $\OML/cmm/m/it/10.95 M[]$ \OT1/c
mr/m/n/10.95 de-ter-mines $\OML/cmm/m/it/10.95 ^^Z[]$\OT1/cmr/m/n/10.95 ) with 
first guess of: $\OML/cmm/m/it/10.95 M[] \OT1/cmr/m/n/10.95 = []$ 
 []

[7

]
chapter without number

Package hyperref Warning: Token not allowed in a PDF string (PDFDocEncoding):
(hyperref)                removing `\\' on input line 412.

[8

] [9]
chapter without number

Package hyperref Warning: Token not allowed in a PDF string (PDFDocEncoding):
(hyperref)                removing `\\' on input line 492.

[10

] <Figures/Process_1_Mess_Up.png, id=1099, 680.5425pt x 1258.7025pt>
File: Figures/Process_1_Mess_Up.png Graphic file (type png)

<use Figures/Process_1_Mess_Up.png>
Package pdftex.def Info: Figures/Process_1_Mess_Up.png used on input line 580.
(pdftex.def)             Requested size: 355.51976pt x 657.54445pt.
 [11]
Overfull \vbox (97.34418pt too high) has occurred while \output is active []


[12 <./Figures/Process_1_Mess_Up.png>]
chapter without number

Package hyperref Warning: Token not allowed in a PDF string (PDFDocEncoding):
(hyperref)                removing `\\' on input line 591.


<Figures/Extraction_Process_1_First_3_Counts.png, id=1112, 405.01312pt x 532.23
843pt>
File: Figures/Extraction_Process_1_First_3_Counts.png Graphic file (type png)
 <use Figures/Extraction_Process_1_First_3_Counts.png>
Package pdftex.def Info: Figures/Extraction_Process_1_First_3_Counts.png used o
n input line 635.
(pdftex.def)             Requested size: 209.12778pt x 274.82458pt.
 [13

]
<Figures/Back_Extraction_Process_1_Last_3_Counts.png, id=1119, 507.39563pt x 51
5.67656pt>
File: Figures/Back_Extraction_Process_1_Last_3_Counts.png Graphic file (type pn
g)
 <use Figures/Back_Extraction_Process_1_Last_3_Counts.png>
Package pdftex.def Info: Figures/Back_Extraction_Process_1_Last_3_Counts.png us
ed on input line 644.
(pdftex.def)             Requested size: 209.12778pt x 212.53822pt.
 [14 <./Figures/Extraction_Process_1_First_3_Counts.png> <./Figures/Back_Extrac
tion_Process_1_Last_3_Counts.png>]
chapter without number

Package hyperref Warning: Token not allowed in a PDF string (PDFDocEncoding):
(hyperref)                removing `\\' on input line 654.


Overfull \hbox (11.53252pt too wide) in paragraph at lines 665--668
[]\OT1/cmr/m/n/10.95 Used ex-cel sheet from John Burns for ef-fi-ciency cal-i-b
ra-tion of Eu-152 source...will
 []

[15

] [16]
chapter without number

Package hyperref Warning: Token not allowed in a PDF string (PDFDocEncoding):
(hyperref)                removing `\\' on input line 713.

[17

] [18]
chapter without number

Package hyperref Warning: Token not allowed in a PDF string (PDFDocEncoding):
(hyperref)                removing `\\' on input line 781.

[19

]
chapter without number
[20

]
Overfull \hbox (78.75644pt too wide) in paragraph at lines 851--853
[]\OT1/cmr/m/n/10.95 Put data into spreed sheet ``C:/Rad[]Detection/Calibration
/Gamma/Eff[]cal[]summary[]Eu-
 []

[21]
chapter without number
Missing character: There is no â in font cmr10!
Missing character: There is no € in font cmr10!
Missing character: There is no ™ in font cmr10!
Missing character: There is no â in font cmr10!
Missing character: There is no € in font cmr10!
Missing character: There is no ™ in font cmr10!

Underfull \hbox (badness 10000) in paragraph at lines 895--922

 []


Underfull \hbox (badness 10000) in paragraph at lines 895--922

 []


Underfull \hbox (badness 10000) in paragraph at lines 895--922

 []

[22

]
chapter without number

Package hyperref Warning: Token not allowed in a PDF string (PDFDocEncoding):
(hyperref)                removing `\\' on input line 942.


Package hyperref Warning: Token not allowed in a PDF string (PDFDocEncoding):
(hyperref)                removing `\\' on input line 942.

[23

] [24]
chapter without number

Package hyperref Warning: Token not allowed in a PDF string (PDFDocEncoding):
(hyperref)                removing `\\' on input line 998.


Package hyperref Warning: Token not allowed in a PDF string (PDFDocEncoding):
(hyperref)                removing `\\' on input line 998.

[25

]
chapter without number
[26

]
chapter without number

Package hyperref Warning: Token not allowed in a PDF string (PDFDocEncoding):
(hyperref)                removing `\\' on input line 1044.


Package hyperref Warning: Token not allowed in a PDF string (PDFDocEncoding):
(hyperref)                removing `\\' on input line 1044.

[27

] [28] [29]
chapter without number

Package hyperref Warning: Token not allowed in a PDF string (PDFDocEncoding):
(hyperref)                removing `\\' on input line 1182.

[30

] [31] [32]
chapter without number

Package hyperref Warning: Token not allowed in a PDF string (PDFDocEncoding):
(hyperref)                removing `\\' on input line 1321.

[33

]
Overfull \hbox (0.53775pt too wide) detected at line 1398
\OML/cmm/m/it/10.95 ^^[[] \OT1/cmr/m/n/10.95 = [] \OMS/cmsy/m/n/10.95 ^^A \OML/
cmm/m/it/10.95 D[]
 []

[34] [35]
chapter without number

Package hyperref Warning: Token not allowed in a PDF string (PDFDocEncoding):
(hyperref)                removing `\\' on input line 1470.

[36

]
chapter without number
[37

]
chapter without number
[38

] [39]
chapter without number
[40

]
chapter without number

Overfull \hbox (14.26392pt too wide) in paragraph at lines 1671--1674
[]\OT1/cmr/m/n/10.95 Added Back-ground Row to Gamma[]Template, call it now Gamm
a[]Template[]BK,
 []

[41

]
chapter without number
[42

]
chapter without number
[43

]
chapter without number
[44

] [45] [46]
chapter without number

Overfull \hbox (3.15239pt too wide) in paragraph at lines 1912--1919
[]\OT1/cmr/m/n/10.95 Label vials, $[]$, $[]$, $[]$, $[]$ $[]$, $[]$, $[]$, $[]$
 $[]$,
 []

[47

] <Figures/Cycle_x3_round_2.png, id=1309, 889.82437pt x 1519.92844pt>
File: Figures/Cycle_x3_round_2.png Graphic file (type png)

<use Figures/Cycle_x3_round_2.png>
Package pdftex.def Info: Figures/Cycle_x3_round_2.png used on input line 1986.
(pdftex.def)             Requested size: 334.60571pt x 571.54884pt.
 [48]
Overfull \vbox (11.34857pt too high) has occurred while \output is active []


[49 <./Figures/Cycle_x3_round_2.png>]
chapter without number
[50

]
chapter without number
[51

]
chapter without number
[52

]
chapter without number
[53

] <Figures/D_Values_Variations.png, id=1342, 728.7225pt x 508.14844pt>
File: Figures/D_Values_Variations.png Graphic file (type png)

<use Figures/D_Values_Variations.png>
Package pdftex.def Info: Figures/D_Values_Variations.png used on input line 219
3.
(pdftex.def)             Requested size: 334.60571pt x 233.32466pt.
 [54] [55 <./Figures/D_Values_Variations.png>]
chapter without number

Overfull \hbox (4.20967pt too wide) in paragraph at lines 2255--2269
[]$\OT1/cmr/m/n/10.95 , $[]$, $[]$. La-bel Chips: $[]$, $[]$,
 []


Overfull \hbox (27.49284pt too wide) in paragraph at lines 2255--2269
[]$\OT1/cmr/m/n/10.95 , $[]$, $[]$, $[]$, $[]$, $[]$, $[]$ 
 []

[56

] [57]
chapter without number
[58

] [59] [60]
<Figures/Percent_Extraction_vs_D_Value_log.pdf, id=1377, 794.97pt x 433.62pt>
File: Figures/Percent_Extraction_vs_D_Value_log.pdf Graphic file (type pdf)

<use Figures/Percent_Extraction_vs_D_Value_log.pdf>
Package pdftex.def Info: Figures/Percent_Extraction_vs_D_Value_log.pdf used on 
input line 2524.
(pdftex.def)             Requested size: 334.60571pt x 182.51614pt.
 [61 <./Figures/Percent_Extraction_vs_D_Value_log.pdf>]
chapter without number

Package hyperref Warning: Token not allowed in a PDF string (PDFDocEncoding):
(hyperref)                removing `\mathsurround' on input line 2548.


Package hyperref Warning: Token not allowed in a PDF string (PDFDocEncoding):
(hyperref)                removing `\z@' on input line 2548.


Package hyperref Warning: Token not allowed in a PDF string (PDFDocEncoding):
(hyperref)                removing `superscript' on input line 2548.

[62

] [63]
Overfull \hbox (3.2129pt too wide) in paragraph at lines 2668--2676
[]\OT1/cmr/m/n/10.95 Label vials, $[]$, $[]$, $[]$, $[]$ $[]$, $[]$, $[]$,
 []

[64]
Overfull \hbox (14.09196pt too wide) in paragraph at lines 2720--2723
[]\OT1/cmr/m/n/10.95 Transfer out $[]$, $[]$, $[]$, $[]$, $[]$, $[]$,
 []


<Figures/Cycle_x3_round_2_extraction_2.png, id=1456, 889.82437pt x 1163.0953pt>
File: Figures/Cycle_x3_round_2_extraction_2.png Graphic file (type png)
<use Figures/Cycle_x3_round_2_extraction_2.png>
Package pdftex.def Info: Figures/Cycle_x3_round_2_extraction_2.png used on inpu
t line 2732.
(pdftex.def)             Requested size: 334.60571pt x 437.36649pt.
 [65] [66 <./Figures/Cycle_x3_round_2_extraction_2.png>]
chapter without number

Package hyperref Warning: Token not allowed in a PDF string (PDFDocEncoding):
(hyperref)                removing `\mathsurround' on input line 2771.


Package hyperref Warning: Token not allowed in a PDF string (PDFDocEncoding):
(hyperref)                removing `\z@' on input line 2771.


Package hyperref Warning: Token not allowed in a PDF string (PDFDocEncoding):
(hyperref)                removing `superscript' on input line 2771.

[67

] [68]
chapter without number

Package hyperref Warning: Token not allowed in a PDF string (PDFDocEncoding):
(hyperref)                removing `\mathsurround' on input line 2838.


Package hyperref Warning: Token not allowed in a PDF string (PDFDocEncoding):
(hyperref)                removing `\z@' on input line 2838.


Package hyperref Warning: Token not allowed in a PDF string (PDFDocEncoding):
(hyperref)                removing `superscript' on input line 2838.

[69

]
chapter without number
[70

]
chapter without number

Package hyperref Warning: Token not allowed in a PDF string (PDFDocEncoding):
(hyperref)                removing `\mathsurround' on input line 2920.


Package hyperref Warning: Token not allowed in a PDF string (PDFDocEncoding):
(hyperref)                removing `\z@' on input line 2920.


Package hyperref Warning: Token not allowed in a PDF string (PDFDocEncoding):
(hyperref)                removing `superscript' on input line 2920.

[71

] [72]
chapter without number

Package hyperref Warning: Token not allowed in a PDF string (PDFDocEncoding):
(hyperref)                removing `\mathsurround' on input line 2960.


Package hyperref Warning: Token not allowed in a PDF string (PDFDocEncoding):
(hyperref)                removing `\z@' on input line 2960.


Package hyperref Warning: Token not allowed in a PDF string (PDFDocEncoding):
(hyperref)                removing `superscript' on input line 2960.

[73

] [74]
chapter without number
[75

]
chapter without number

Package hyperref Warning: Token not allowed in a PDF string (PDFDocEncoding):
(hyperref)                removing `\mathsurround' on input line 3069.


Package hyperref Warning: Token not allowed in a PDF string (PDFDocEncoding):
(hyperref)                removing `\z@' on input line 3069.


Package hyperref Warning: Token not allowed in a PDF string (PDFDocEncoding):
(hyperref)                removing `superscript' on input line 3069.

[76

] [77]
chapter without number
[78

]
chapter without number
[79

] [80]
chapter without number

Overfull \hbox (30.238pt too wide) in paragraph at lines 3337--3346
[]\OT1/cmr/m/n/10.95 Label vials: $[]$, $[]$, $[]$, $[]$,
 []

[81

] [82]
chapter without number
[83

]

Package hyperref Warning: Token not allowed in a PDF string (PDFDocEncoding):
(hyperref)                removing `\mathsurround' on input line 3454.


Package hyperref Warning: Token not allowed in a PDF string (PDFDocEncoding):
(hyperref)                removing `\z@' on input line 3454.


Package hyperref Warning: Token not allowed in a PDF string (PDFDocEncoding):
(hyperref)                removing `superscript' on input line 3454.


Overfull \hbox (7.07082pt too wide) in paragraph at lines 3485--3488
[]\OT1/cmr/m/n/10.95 Measured vol-ume of or-ganic by trans-fer-ing from $[]$ to
 $[]$ 
 []

[84] [85]
chapter without number
[86

]
chapter without number
[87

]
chapter without number
[88

]
chapter without number

Package hyperref Warning: Token not allowed in a PDF string (PDFDocEncoding):
(hyperref)                removing `\mathsurround' on input line 3555.


Package hyperref Warning: Token not allowed in a PDF string (PDFDocEncoding):
(hyperref)                removing `\z@' on input line 3555.


Package hyperref Warning: Token not allowed in a PDF string (PDFDocEncoding):
(hyperref)                removing `superscript' on input line 3555.


Package hyperref Warning: Token not allowed in a PDF string (PDFDocEncoding):
(hyperref)                removing `\mathsurround' on input line 3579.


Package hyperref Warning: Token not allowed in a PDF string (PDFDocEncoding):
(hyperref)                removing `\z@' on input line 3579.


Package hyperref Warning: Token not allowed in a PDF string (PDFDocEncoding):
(hyperref)                removing `superscript' on input line 3579.

[89

] [90]
chapter without number

Overfull \hbox (54.032pt too wide) in paragraph at lines 3658--3674
[]$\OT1/cmr/m/n/10.95 , $[]$ $[]$, $[]$, $[]$, $[]$, $[]$,
 []


Overfull \hbox (54.032pt too wide) in paragraph at lines 3675--3693
[]$\OT1/cmr/m/n/10.95 , $[]$ $[]$, $[]$, $[]$, $[]$, $[]$,
 []

[91

] [92]
Overfull \hbox (40.12857pt too wide) in paragraph at lines 3829--3833
[]\OT1/cmr/m/n/10.95 Centrifuge $[]$, $[]$, $[]$, $[]$, $[]$, $[]$,
 []

[93]
<Figures/Cycle_x3_round_2_extraction_3.png, id=1602, 885.3075pt x 1502.61375pt>
File: Figures/Cycle_x3_round_2_extraction_3.png Graphic file (type png)
<use Figures/Cycle_x3_round_2_extraction_3.png>
Package pdftex.def Info: Figures/Cycle_x3_round_2_extraction_3.png used on inpu
t line 3846.
(pdftex.def)             Requested size: 334.60571pt x 567.9268pt.
 [94]
Overfull \vbox (7.72653pt too high) has occurred while \output is active []


[95 <./Figures/Cycle_x3_round_2_extraction_3.png>] [96]
chapter without number

Overfull \hbox (36.36003pt too wide) in paragraph at lines 3888--3905
[]$\OT1/cmr/m/n/10.95 , $[]$ $[]$, $[]$, $[]$, $[]$, $[]$,
 []


Overfull \hbox (79.5813pt too wide) in paragraph at lines 3888--3905
[]$\OT1/cmr/m/n/10.95 , $[]$, $[]$, $[]$, $[]$
 []


Overfull \hbox (54.032pt too wide) in paragraph at lines 3908--3925
[]$\OT1/cmr/m/n/10.95 , $[]$ $[]$, $[]$, $[]$, $[]$, $[]$,
 []


Overfull \hbox (10.05258pt too wide) in paragraph at lines 3908--3925
[]$\OT1/cmr/m/n/10.95 , $[]$, $[]$, $[]$. With old/new $[]$,
 []

[97

] [98] [99]
Overfull \hbox (32.98076pt too wide) in paragraph at lines 4061--4064
[]\OT1/cmr/m/n/10.95 Transfer out $[]$, $[]$, $[]$, $[]$, $[]$, $[]$,
 []


Overfull \hbox (24.98117pt too wide) in paragraph at lines 4067--4071
[]\OT1/cmr/m/n/10.95 Centrifuge $[]$, $[]$, $[]$, $[]$, $[]$, $[]$,
 []

File: Figures/Cycle_x3_round_2_extraction_3.png Graphic file (type png)
<use Figures/Cycle_x3_round_2_extraction_3.png>
Package pdftex.def Info: Figures/Cycle_x3_round_2_extraction_3.png used on inpu
t line 4079.
(pdftex.def)             Requested size: 334.60571pt x 567.9268pt.
 [100]
Overfull \vbox (7.72653pt too high) has occurred while \output is active []


[101] [102]
chapter without number
[103

]
chapter without number
[104

]
chapter without number
[105

]
chapter without number
[106

]
chapter without number
[107

]
chapter without number
[108

]
chapter without number

Overfull \hbox (39.62433pt too wide) in paragraph at lines 4234--4240
[]\OT1/cmr/m/n/10.95 Transfer $[]$, $[]$, $[]$, $[]$, $[]$, $[]$,
 []


Overfull \hbox (2.89883pt too wide) in paragraph at lines 4264--4267
[]\OT1/cmr/m/n/10.95 Transfer $[]$, $[]$, and $[]$, into
 []

[109

] [110] [111]
chapter without number

Overfull \hbox (49.47261pt too wide) in paragraph at lines 4379--4396
[]$\OT1/cmr/m/n/10.95 , $[]$, $[]$, $[]$, $[]$,
 []


Overfull \hbox (39.839pt too wide) in paragraph at lines 4397--4415
[]$ \OT1/cmr/m/n/10.95 (spe-cial), $[]$ $[]$, $[]$, $[]$, $[]$, $[]$,
 []


Overfull \hbox (51.38885pt too wide) in paragraph at lines 4397--4415
[]$\OT1/cmr/m/n/10.95 , $[]$, $[]$, $[]$, $[]$
 []

[112

] [113] [114]
File: Figures/Cycle_x3_round_2_extraction_3.png Graphic file (type png)
 <use Figures/Cycle_x3_round_2_extraction_3.png>
Package pdftex.def Info: Figures/Cycle_x3_round_2_extraction_3.png used on inpu
t line 4575.
(pdftex.def)             Requested size: 334.60571pt x 567.9268pt.
 [115]
Overfull \vbox (7.72653pt too high) has occurred while \output is active []


[116] [117]
chapter without number
[118

]
chapter without number
[119

]
chapter without number

Overfull \hbox (1.8326pt too wide) in paragraph at lines 4660--4679
[]\OT1/cmr/m/n/10.95 Label vials, $[]$, $[]$, $[]$ (spe-cial) [], $[]$ $[]$,
 []


Overfull \hbox (12.19402pt too wide) in paragraph at lines 4660--4679
[]$\OT1/cmr/m/n/10.95 , $[]$ (spe-cial), $[]$ $[]$, $[]$, $[]$
 []


Overfull \hbox (25.47104pt too wide) in paragraph at lines 4660--4679
\OT1/cmr/m/n/10.95 (spe-cial), $[]$, $[]$, $[]$, $[]$,
 []


Overfull \hbox (8.99586pt too wide) in paragraph at lines 4660--4679
[]$\OT1/cmr/m/n/10.95 , $[]$, $[]$ (smaller 2.5 ml tubes)
 []


Overfull \hbox (12.19402pt too wide) in paragraph at lines 4680--4700
[]$\OT1/cmr/m/n/10.95 , $[]$ (spe-cial), $[]$ $[]$, $[]$, $[]$
 []


Overfull \hbox (25.47104pt too wide) in paragraph at lines 4680--4700
\OT1/cmr/m/n/10.95 (spe-cial), $[]$, $[]$, $[]$, $[]$,
 []


Overfull \hbox (8.99586pt too wide) in paragraph at lines 4680--4700
[]$\OT1/cmr/m/n/10.95 , $[]$, $[]$ (smaller 2.5 ml tubes)
 []

[120

] [121] [122]
File: Figures/Cycle_x3_round_2_extraction_3.png Graphic file (type png)
 <use Figures/Cycle_x3_round_2_extraction_3.png>
Package pdftex.def Info: Figures/Cycle_x3_round_2_extraction_3.png used on inpu
t line 4887.
(pdftex.def)             Requested size: 334.60571pt x 567.9268pt.
 [123]
Overfull \vbox (7.72653pt too high) has occurred while \output is active []


[124]
chapter without number

Overfull \hbox (30.19609pt too wide) in paragraph at lines 4917--4936
[]\OT1/cmr/m/n/10.95 Label vials, $[]$, $[]$, $[]$ (spe-cial) [], $[]$ $[]$,
 []


Overfull \hbox (31.74345pt too wide) in paragraph at lines 4917--4936
[]$\OT1/cmr/m/n/10.95 , $[]$, $[]$, $[]$
 []


Overfull \hbox (20.73645pt too wide) in paragraph at lines 4937--4957
[]\OT1/cmr/m/n/10.95 Transfer: $[]$, $[]$, $[]$ (spe-cial) [], $[]$ $[]$,
 []


Overfull \hbox (31.74345pt too wide) in paragraph at lines 4937--4957
[]$\OT1/cmr/m/n/10.95 , $[]$, $[]$, $[]$
 []

[125

] [126] [127]
Overfull \hbox (24.93839pt too wide) in paragraph at lines 5128--5131
[]\OT1/cmr/m/n/10.95 Transfer out $[]$, $[]$, $[]$, $[]$, $[]$,
 []


Overfull \hbox (16.9388pt too wide) in paragraph at lines 5134--5138
[]\OT1/cmr/m/n/10.95 Centrifuge $[]$, $[]$, $[]$, $[]$, $[]$,
 []

File: Figures/Cycle_x3_round_2_extraction_3.png Graphic file (type png)
<use Figures/Cycle_x3_round_2_extraction_3.png>
Package pdftex.def Info: Figures/Cycle_x3_round_2_extraction_3.png used on inpu
t line 5148.
(pdftex.def)             Requested size: 334.60571pt x 567.9268pt.
 [128]
Overfull \vbox (7.72653pt too high) has occurred while \output is active []


[129]
chapter without number
[130

]
chapter without number
[131

]
chapter without number

Underfull \hbox (badness 10000) in paragraph at lines 5190--5201

 []


Overfull \hbox (40.61258pt too wide) in paragraph at lines 5204--5216
[]\OT1/cmr/m/n/10.95 Label vials, $[]$, $[]$, $[]$, $[]$,
 []


Overfull \hbox (31.15294pt too wide) in paragraph at lines 5216--5228
[]\OT1/cmr/m/n/10.95 Transfer: $[]$, $[]$, $[]$, $[]$,
 []


Overfull \hbox (34.1535pt too wide) in paragraph at lines 5216--5228
\OT1/cmr/m/n/10.95 with (their own spin cap) $[]$, $[]$, $[]$, $[]$, $[]$,
 []

[132

]
Overfull \hbox (34.00264pt too wide) in paragraph at lines 5303--5312
[]\OT1/cmr/m/n/10.95 Transfer in glove-box $[]$, $[]$, $[]$, $[]$, $[]$,
 []

Package atveryend Info: Empty hook `BeforeClearDocument' on input line 5433.
[133] [134]
Package atveryend Info: Empty hook `AfterLastShipout' on input line 5433.
 (./lab_book_1.aux)
Package atveryend Info: Executing hook `AtVeryEndDocument' on input line 5433.
Package atveryend Info: Executing hook `AtEndAfterFileList' on input line 5433.

Package rerunfilecheck Info: File `lab_book_1.out' has not changed.
(rerunfilecheck)             Checksum: 947779B8BB7149847CAD48737ADB7362;16960.


LaTeX Warning: There were multiply-defined labels.

Package atveryend Info: Empty hook `AtVeryVeryEnd' on input line 5433.
 ) 
Here is how much of TeX's memory you used:
 10953 strings out of 494953
 168861 string characters out of 6180977
 426466 words of memory out of 5000000
 13624 multiletter control sequences out of 15000+600000
 25657 words of font info for 98 fonts, out of 8000000 for 9000
 14 hyphenation exceptions out of 8191
 47i,15n,68p,288b,627s stack positions out of 5000i,500n,10000p,200000b,80000s
</usr/share/texlive/texmf-dist/fonts/type1/public/amsfonts/cm/cmbx10.pfb></us
r/share/texlive/texmf-dist/fonts/type1/public/amsfonts/cm/cmbx8.pfb></usr/share
/texlive/texmf-dist/fonts/type1/public/amsfonts/cm/cmex10.pfb></usr/share/texli
ve/texmf-dist/fonts/type1/public/amsfonts/cm/cmmi10.pfb></usr/share/texlive/tex
mf-dist/fonts/type1/public/amsfonts/cm/cmmi6.pfb></usr/share/texlive/texmf-dist
/fonts/type1/public/amsfonts/cm/cmmi8.pfb></usr/share/texlive/texmf-dist/fonts/
type1/public/amsfonts/cm/cmmib10.pfb></usr/share/texlive/texmf-dist/fonts/type1
/public/amsfonts/cm/cmr10.pfb></usr/share/texlive/texmf-dist/fonts/type1/public
/amsfonts/cm/cmr12.pfb></usr/share/texlive/texmf-dist/fonts/type1/public/amsfon
ts/cm/cmr17.pfb></usr/share/texlive/texmf-dist/fonts/type1/public/amsfonts/cm/c
mr6.pfb></usr/share/texlive/texmf-dist/fonts/type1/public/amsfonts/cm/cmr8.pfb>
</usr/share/texlive/texmf-dist/fonts/type1/public/amsfonts/cm/cmsl10.pfb></usr/
share/texlive/texmf-dist/fonts/type1/public/amsfonts/cm/cmssbx10.pfb></usr/shar
e/texlive/texmf-dist/fonts/type1/public/amsfonts/cm/cmsy10.pfb></usr/share/texl
ive/texmf-dist/fonts/type1/public/amsfonts/cm/cmsy8.pfb></usr/share/texlive/tex
mf-dist/fonts/type1/public/amsfonts/symbols/msam10.pfb></usr/share/texlive/texm
f-dist/fonts/type1/urw/zapfding/uzdr.pfb></usr/share/texlive/texmf-dist/fonts/t
ype1/public/wasy2-ps/wasy10.pfb>
Output written on lab_book_1.pdf (142 pages, 862863 bytes).
PDF statistics:
 1966 PDF objects out of 2073 (max. 8388607)
 1726 compressed objects within 18 object streams
 440 named destinations out of 1000 (max. 500000)
 1561 words of extra memory for PDF output out of 10000 (max. 10000000)

